This file contains any messages produced by compilers while
running configure, to aid debugging if configure makes a mistake.

It was created by desr configure 0.9, which was
generated by GNU Autoconf 2.65.  Invocation command line was

  $ ./configure 

## --------- ##
## Platform. ##
## --------- ##

hostname = ubuntu
uname -m = x86_64
uname -r = 4.10.0-32-generic
uname -s = Linux
uname -v = #36~16.04.1-Ubuntu SMP Wed Aug 9 09:19:02 UTC 2017

/usr/bin/uname -p = unknown
/bin/uname -X     = unknown

/bin/arch              = unknown
/usr/bin/arch -k       = unknown
/usr/convex/getsysinfo = unknown
/usr/bin/hostinfo      = unknown
/bin/machine           = unknown
/usr/bin/oslevel       = unknown
/bin/universe          = unknown

PATH: /home/eek/.local/share/umake/bin
PATH: /home/eek/bin
PATH: /home/eek/.local/bin
PATH: /usr/local/sbin
PATH: /usr/local/bin
PATH: /usr/sbin
PATH: /usr/bin
PATH: /sbin
PATH: /bin
PATH: /usr/games
PATH: /usr/local/games
PATH: /snap/bin
PATH: /usr/local/cuda/bin


## ----------- ##
## Core tests. ##
## ----------- ##

configure:2569: checking for a BSD-compatible install
configure:2637: result: /usr/bin/install -c
configure:2652: checking build system type
configure:2666: result: x86_64-unknown-linux-gnu
configure:2686: checking host system type
configure:2699: result: x86_64-unknown-linux-gnu
configure:2719: checking whether make sets $(MAKE)
configure:2741: result: yes
configure:2766: checking if --enable-32bit option specified
configure:2775: result: no
configure:2778: checking if --enable-debug option specified
configure:2787: result: no
configure:2790: checking if --enable-profile option specified
configure:2799: result: no
configure:2802: checking if --enable-wall option specified
configure:2811: result: no
configure:2814: checking if --disable-python option specified
configure:2823: result: 1
configure:2875: checking how to print strings
configure:2902: result: printf
configure:2971: checking for gcc
configure:2987: found /usr/bin/gcc
configure:2998: result: gcc
configure:3227: checking for C compiler version
configure:3236: gcc --version >&5
gcc (Ubuntu 5.4.0-6ubuntu1~16.04.4) 5.4.0 20160609
Copyright (C) 2015 Free Software Foundation, Inc.
This is free software; see the source for copying conditions.  There is NO
warranty; not even for MERCHANTABILITY or FITNESS FOR A PARTICULAR PURPOSE.

configure:3247: $? = 0
configure:3236: gcc -v >&5
Using built-in specs.
COLLECT_GCC=gcc
COLLECT_LTO_WRAPPER=/usr/lib/gcc/x86_64-linux-gnu/5/lto-wrapper
Target: x86_64-linux-gnu
Configured with: ../src/configure -v --with-pkgversion='Ubuntu 5.4.0-6ubuntu1~16.04.4' --with-bugurl=file:///usr/share/doc/gcc-5/README.Bugs --enable-languages=c,ada,c++,java,go,d,fortran,objc,obj-c++ --prefix=/usr --program-suffix=-5 --enable-shared --enable-linker-build-id --libexecdir=/usr/lib --without-included-gettext --enable-threads=posix --libdir=/usr/lib --enable-nls --with-sysroot=/ --enable-clocale=gnu --enable-libstdcxx-debug --enable-libstdcxx-time=yes --with-default-libstdcxx-abi=new --enable-gnu-unique-object --disable-vtable-verify --enable-libmpx --enable-plugin --with-system-zlib --disable-browser-plugin --enable-java-awt=gtk --enable-gtk-cairo --with-java-home=/usr/lib/jvm/java-1.5.0-gcj-5-amd64/jre --enable-java-home --with-jvm-root-dir=/usr/lib/jvm/java-1.5.0-gcj-5-amd64 --with-jvm-jar-dir=/usr/lib/jvm-exports/java-1.5.0-gcj-5-amd64 --with-arch-directory=amd64 --with-ecj-jar=/usr/share/java/eclipse-ecj.jar --enable-objc-gc --enable-multiarch --disable-werror --with-arch-32=i686 --with-abi=m64 --with-multilib-list=m32,m64,mx32 --enable-multilib --with-tune=generic --enable-checking=release --build=x86_64-linux-gnu --host=x86_64-linux-gnu --target=x86_64-linux-gnu
Thread model: posix
gcc version 5.4.0 20160609 (Ubuntu 5.4.0-6ubuntu1~16.04.4) 
configure:3247: $? = 0
configure:3236: gcc -V >&5
gcc: error: unrecognized command line option '-V'
gcc: fatal error: no input files
compilation terminated.
configure:3247: $? = 1
configure:3236: gcc -qversion >&5
gcc: error: unrecognized command line option '-qversion'
gcc: fatal error: no input files
compilation terminated.
configure:3247: $? = 1
configure:3267: checking whether the C compiler works
configure:3289: gcc    conftest.c  >&5
configure:3293: $? = 0
configure:3342: result: yes
configure:3345: checking for C compiler default output file name
configure:3347: result: a.out
configure:3353: checking for suffix of executables
configure:3360: gcc -o conftest    conftest.c  >&5
configure:3364: $? = 0
configure:3386: result: 
configure:3408: checking whether we are cross compiling
configure:3416: gcc -o conftest    conftest.c  >&5
configure:3420: $? = 0
configure:3427: ./conftest
configure:3431: $? = 0
configure:3446: result: no
configure:3451: checking for suffix of object files
configure:3473: gcc -c   conftest.c >&5
configure:3477: $? = 0
configure:3498: result: o
configure:3502: checking whether we are using the GNU C compiler
configure:3521: gcc -c   conftest.c >&5
configure:3521: $? = 0
configure:3530: result: yes
configure:3539: checking whether gcc accepts -g
configure:3559: gcc -c -g  conftest.c >&5
configure:3559: $? = 0
configure:3600: result: yes
configure:3617: checking for gcc option to accept ISO C89
configure:3681: gcc  -c -g -O2  conftest.c >&5
configure:3681: $? = 0
configure:3694: result: none needed
configure:3714: checking for a sed that does not truncate output
configure:3778: result: /bin/sed
configure:3796: checking for grep that handles long lines and -e
configure:3854: result: /bin/grep
configure:3859: checking for egrep
configure:3921: result: /bin/grep -E
configure:3926: checking for fgrep
configure:3988: result: /bin/grep -F
configure:4023: checking for ld used by gcc
configure:4090: result: /usr/bin/ld
configure:4097: checking if the linker (/usr/bin/ld) is GNU ld
configure:4112: result: yes
configure:4124: checking for BSD- or MS-compatible name lister (nm)
configure:4173: result: /usr/bin/nm -B
configure:4303: checking the name lister (/usr/bin/nm -B) interface
configure:4310: gcc -c -g -O2  conftest.c >&5
configure:4313: /usr/bin/nm -B "conftest.o"
configure:4316: output
0000000000000000 B some_variable
configure:4323: result: BSD nm
configure:4326: checking whether ln -s works
configure:4330: result: yes
configure:4338: checking the maximum length of command line arguments
configure:4468: result: 1572864
configure:4485: checking whether the shell understands some XSI constructs
configure:4495: result: yes
configure:4499: checking whether the shell understands "+="
configure:4505: result: yes
configure:4540: checking how to convert x86_64-unknown-linux-gnu file names to x86_64-unknown-linux-gnu format
configure:4580: result: func_convert_file_noop
configure:4587: checking how to convert x86_64-unknown-linux-gnu file names to toolchain format
configure:4607: result: func_convert_file_noop
configure:4614: checking for /usr/bin/ld option to reload object files
configure:4621: result: -r
configure:4695: checking for objdump
configure:4711: found /usr/bin/objdump
configure:4722: result: objdump
configure:4754: checking how to recognize dependent libraries
configure:4956: result: pass_all
configure:5041: checking for dlltool
configure:5071: result: no
configure:5101: checking how to associate runtime and link libraries
configure:5128: result: printf %s\n
configure:5189: checking for ar
configure:5205: found /usr/bin/ar
configure:5216: result: ar
configure:5253: checking for archiver @FILE support
configure:5270: gcc -c -g -O2  conftest.c >&5
configure:5270: $? = 0
configure:5273: ar cru libconftest.a @conftest.lst >&5
ar: `u' modifier ignored since `D' is the default (see `U')
configure:5276: $? = 0
configure:5281: ar cru libconftest.a @conftest.lst >&5
ar: `u' modifier ignored since `D' is the default (see `U')
ar: conftest.o: No such file or directory
configure:5284: $? = 1
configure:5296: result: @
configure:5354: checking for strip
configure:5370: found /usr/bin/strip
configure:5381: result: strip
configure:5453: checking for ranlib
configure:5469: found /usr/bin/ranlib
configure:5480: result: ranlib
configure:5557: checking for gawk
configure:5587: result: no
configure:5557: checking for mawk
configure:5573: found /usr/bin/mawk
configure:5584: result: mawk
configure:5624: checking command to parse /usr/bin/nm -B output from gcc object
configure:5744: gcc -c -g -O2  conftest.c >&5
configure:5747: $? = 0
configure:5751: /usr/bin/nm -B conftest.o \| sed -n -e 's/^.*[ ]\([ABCDGIRSTW][ABCDGIRSTW]*\)[ ][ ]*\([_A-Za-z][_A-Za-z0-9]*\)$/\1 \2 \2/p' | sed '/ __gnu_lto/d' \> conftest.nm
configure:5754: $? = 0
configure:5820: gcc -o conftest -g -O2   conftest.c conftstm.o >&5
configure:5823: $? = 0
configure:5861: result: ok
configure:5898: checking for sysroot
configure:5928: result: no
configure:6005: gcc -c -g -O2  conftest.c >&5
configure:6008: $? = 0
configure:6184: checking for mt
configure:6200: found /bin/mt
configure:6211: result: mt
configure:6234: checking if mt is a manifest tool
configure:6240: mt '-?'
configure:6248: result: no
configure:6890: checking how to run the C preprocessor
configure:6921: gcc -E  conftest.c
configure:6921: $? = 0
configure:6935: gcc -E  conftest.c
conftest.c:9:28: fatal error: ac_nonexistent.h: No such file or directory
compilation terminated.
configure:6935: $? = 1
configure: failed program was:
| /* confdefs.h */
| #define PACKAGE_NAME "desr"
| #define PACKAGE_TARNAME "desr"
| #define PACKAGE_VERSION "0.9"
| #define PACKAGE_STRING "desr 0.9"
| #define PACKAGE_BUGREPORT ""
| #define PACKAGE_URL ""
| /* end confdefs.h.  */
| #include <ac_nonexistent.h>
configure:6960: result: gcc -E
configure:6980: gcc -E  conftest.c
configure:6980: $? = 0
configure:6994: gcc -E  conftest.c
conftest.c:9:28: fatal error: ac_nonexistent.h: No such file or directory
compilation terminated.
configure:6994: $? = 1
configure: failed program was:
| /* confdefs.h */
| #define PACKAGE_NAME "desr"
| #define PACKAGE_TARNAME "desr"
| #define PACKAGE_VERSION "0.9"
| #define PACKAGE_STRING "desr 0.9"
| #define PACKAGE_BUGREPORT ""
| #define PACKAGE_URL ""
| /* end confdefs.h.  */
| #include <ac_nonexistent.h>
configure:7023: checking for ANSI C header files
configure:7043: gcc -c -g -O2  conftest.c >&5
configure:7043: $? = 0
configure:7116: gcc -o conftest -g -O2   conftest.c  >&5
configure:7116: $? = 0
configure:7116: ./conftest
configure:7116: $? = 0
configure:7127: result: yes
configure:7140: checking for sys/types.h
configure:7140: gcc -c -g -O2  conftest.c >&5
configure:7140: $? = 0
configure:7140: result: yes
configure:7140: checking for sys/stat.h
configure:7140: gcc -c -g -O2  conftest.c >&5
configure:7140: $? = 0
configure:7140: result: yes
configure:7140: checking for stdlib.h
configure:7140: gcc -c -g -O2  conftest.c >&5
configure:7140: $? = 0
configure:7140: result: yes
configure:7140: checking for string.h
configure:7140: gcc -c -g -O2  conftest.c >&5
configure:7140: $? = 0
configure:7140: result: yes
configure:7140: checking for memory.h
configure:7140: gcc -c -g -O2  conftest.c >&5
configure:7140: $? = 0
configure:7140: result: yes
configure:7140: checking for strings.h
configure:7140: gcc -c -g -O2  conftest.c >&5
configure:7140: $? = 0
configure:7140: result: yes
configure:7140: checking for inttypes.h
configure:7140: gcc -c -g -O2  conftest.c >&5
configure:7140: $? = 0
configure:7140: result: yes
configure:7140: checking for stdint.h
configure:7140: gcc -c -g -O2  conftest.c >&5
configure:7140: $? = 0
configure:7140: result: yes
configure:7140: checking for unistd.h
configure:7140: gcc -c -g -O2  conftest.c >&5
configure:7140: $? = 0
configure:7140: result: yes
configure:7155: checking for dlfcn.h
configure:7155: gcc -c -g -O2  conftest.c >&5
configure:7155: $? = 0
configure:7155: result: yes
configure:7361: checking for objdir
configure:7376: result: .libs
configure:7643: checking if gcc supports -fno-rtti -fno-exceptions
configure:7661: gcc -c -g -O2  -fno-rtti -fno-exceptions conftest.c >&5
cc1: warning: command line option '-fno-rtti' is valid for C++/ObjC++ but not for C
configure:7665: $? = 0
configure:7678: result: no
configure:8005: checking for gcc option to produce PIC
configure:8012: result: -fPIC -DPIC
configure:8020: checking if gcc PIC flag -fPIC -DPIC works
configure:8038: gcc -c -g -O2  -fPIC -DPIC -DPIC conftest.c >&5
configure:8042: $? = 0
configure:8055: result: yes
configure:8084: checking if gcc static flag -static works
configure:8112: result: yes
configure:8127: checking if gcc supports -c -o file.o
configure:8148: gcc -c -g -O2  -o out/conftest2.o conftest.c >&5
configure:8152: $? = 0
configure:8174: result: yes
configure:8182: checking if gcc supports -c -o file.o
configure:8229: result: yes
configure:8262: checking whether the gcc linker (/usr/bin/ld -m elf_x86_64) supports shared libraries
configure:9419: result: yes
configure:9456: checking whether -lc should be explicitly linked in
configure:9464: gcc -c -g -O2  conftest.c >&5
configure:9467: $? = 0
configure:9482: gcc -shared  -fPIC -DPIC conftest.o  -v -Wl,-soname -Wl,conftest -o conftest 2\>\&1 \| /bin/grep  -lc  \>/dev/null 2\>\&1
configure:9485: $? = 0
configure:9499: result: no
configure:9659: checking dynamic linker characteristics
configure:10170: gcc -o conftest -g -O2   -Wl,-rpath -Wl,/foo conftest.c  >&5
configure:10170: $? = 0
configure:10404: result: GNU/Linux ld.so
configure:10511: checking how to hardcode library paths into programs
configure:10536: result: immediate
configure:11076: checking whether stripping libraries is possible
configure:11081: result: yes
configure:11116: checking if libtool supports shared libraries
configure:11118: result: yes
configure:11121: checking whether to build shared libraries
configure:11142: result: yes
configure:11145: checking whether to build static libraries
configure:11149: result: yes
configure:11191: checking for autoconf
configure:11222: result: autoconf
configure:11232: checking for ar
configure:11250: found /usr/bin/ar
configure:11263: result: /usr/bin/ar
configure:11273: checking for chmod
configure:11291: found /bin/chmod
configure:11304: result: /bin/chmod
configure:11314: checking for cp
configure:11332: found /bin/cp
configure:11345: result: /bin/cp
configure:11355: checking for find
configure:11373: found /usr/bin/find
configure:11386: result: /usr/bin/find
configure:11396: checking for gunzip
configure:11414: found /bin/gunzip
configure:11427: result: /bin/gunzip
configure:11437: checking for ln
configure:11455: found /bin/ln
configure:11468: result: /bin/ln
configure:11478: checking for mkdir
configure:11496: found /bin/mkdir
configure:11509: result: /bin/mkdir
configure:11519: checking for perl
configure:11537: found /usr/bin/perl
configure:11550: result: /usr/bin/perl
configure:11560: checking for rm
configure:11578: found /bin/rm
configure:11591: result: /bin/rm
configure:11602: checking for shell
configure:11633: result: /bin/bash
configure:11643: checking for strip
configure:11661: found /usr/bin/strip
configure:11674: result: /usr/bin/strip
configure:11684: checking for tar
configure:11702: found /bin/tar
configure:11715: result: /bin/tar
configure:11724: checking for a thread-safe mkdir -p
configure:11763: result: /bin/mkdir -p
configure:11892: checking for python
configure:11910: found /usr/bin/python
configure:11923: result: /usr/bin/python
configure:11944: checking for java include file jni.h
configure:11973: checking for java
configure:11989: found /usr/bin/java
configure:12000: result: java
configure:12026: checking for distill
configure:12057: result: distill
configure:12068: checking for doxygen
configure:12099: result: /usr/local/bin/doxygen
configure:12111: checking for 
configure:12141: result: no
configure:12275: checking for gcc
configure:12302: result: gcc
configure:12531: checking for C compiler version
configure:12540: gcc --version >&5
gcc (Ubuntu 5.4.0-6ubuntu1~16.04.4) 5.4.0 20160609
Copyright (C) 2015 Free Software Foundation, Inc.
This is free software; see the source for copying conditions.  There is NO
warranty; not even for MERCHANTABILITY or FITNESS FOR A PARTICULAR PURPOSE.

configure:12551: $? = 0
configure:12540: gcc -v >&5
Using built-in specs.
COLLECT_GCC=gcc
COLLECT_LTO_WRAPPER=/usr/lib/gcc/x86_64-linux-gnu/5/lto-wrapper
Target: x86_64-linux-gnu
Configured with: ../src/configure -v --with-pkgversion='Ubuntu 5.4.0-6ubuntu1~16.04.4' --with-bugurl=file:///usr/share/doc/gcc-5/README.Bugs --enable-languages=c,ada,c++,java,go,d,fortran,objc,obj-c++ --prefix=/usr --program-suffix=-5 --enable-shared --enable-linker-build-id --libexecdir=/usr/lib --without-included-gettext --enable-threads=posix --libdir=/usr/lib --enable-nls --with-sysroot=/ --enable-clocale=gnu --enable-libstdcxx-debug --enable-libstdcxx-time=yes --with-default-libstdcxx-abi=new --enable-gnu-unique-object --disable-vtable-verify --enable-libmpx --enable-plugin --with-system-zlib --disable-browser-plugin --enable-java-awt=gtk --enable-gtk-cairo --with-java-home=/usr/lib/jvm/java-1.5.0-gcj-5-amd64/jre --enable-java-home --with-jvm-root-dir=/usr/lib/jvm/java-1.5.0-gcj-5-amd64 --with-jvm-jar-dir=/usr/lib/jvm-exports/java-1.5.0-gcj-5-amd64 --with-arch-directory=amd64 --with-ecj-jar=/usr/share/java/eclipse-ecj.jar --enable-objc-gc --enable-multiarch --disable-werror --with-arch-32=i686 --with-abi=m64 --with-multilib-list=m32,m64,mx32 --enable-multilib --with-tune=generic --enable-checking=release --build=x86_64-linux-gnu --host=x86_64-linux-gnu --target=x86_64-linux-gnu
Thread model: posix
gcc version 5.4.0 20160609 (Ubuntu 5.4.0-6ubuntu1~16.04.4) 
configure:12551: $? = 0
configure:12540: gcc -V >&5
gcc: error: unrecognized command line option '-V'
gcc: fatal error: no input files
compilation terminated.
configure:12551: $? = 1
configure:12540: gcc -qversion >&5
gcc: error: unrecognized command line option '-qversion'
gcc: fatal error: no input files
compilation terminated.
configure:12551: $? = 1
configure:12555: checking whether we are using the GNU C compiler
configure:12583: result: yes
configure:12592: checking whether gcc accepts -g
configure:12653: result: yes
configure:12670: checking for gcc option to accept ISO C89
configure:12747: result: none needed
configure:12825: checking for g++
configure:12841: found /usr/bin/g++
configure:12852: result: g++
configure:12879: checking for C++ compiler version
configure:12888: g++ --version >&5
g++ (Ubuntu 5.4.0-6ubuntu1~16.04.4) 5.4.0 20160609
Copyright (C) 2015 Free Software Foundation, Inc.
This is free software; see the source for copying conditions.  There is NO
warranty; not even for MERCHANTABILITY or FITNESS FOR A PARTICULAR PURPOSE.

configure:12899: $? = 0
configure:12888: g++ -v >&5
Using built-in specs.
COLLECT_GCC=g++
COLLECT_LTO_WRAPPER=/usr/lib/gcc/x86_64-linux-gnu/5/lto-wrapper
Target: x86_64-linux-gnu
Configured with: ../src/configure -v --with-pkgversion='Ubuntu 5.4.0-6ubuntu1~16.04.4' --with-bugurl=file:///usr/share/doc/gcc-5/README.Bugs --enable-languages=c,ada,c++,java,go,d,fortran,objc,obj-c++ --prefix=/usr --program-suffix=-5 --enable-shared --enable-linker-build-id --libexecdir=/usr/lib --without-included-gettext --enable-threads=posix --libdir=/usr/lib --enable-nls --with-sysroot=/ --enable-clocale=gnu --enable-libstdcxx-debug --enable-libstdcxx-time=yes --with-default-libstdcxx-abi=new --enable-gnu-unique-object --disable-vtable-verify --enable-libmpx --enable-plugin --with-system-zlib --disable-browser-plugin --enable-java-awt=gtk --enable-gtk-cairo --with-java-home=/usr/lib/jvm/java-1.5.0-gcj-5-amd64/jre --enable-java-home --with-jvm-root-dir=/usr/lib/jvm/java-1.5.0-gcj-5-amd64 --with-jvm-jar-dir=/usr/lib/jvm-exports/java-1.5.0-gcj-5-amd64 --with-arch-directory=amd64 --with-ecj-jar=/usr/share/java/eclipse-ecj.jar --enable-objc-gc --enable-multiarch --disable-werror --with-arch-32=i686 --with-abi=m64 --with-multilib-list=m32,m64,mx32 --enable-multilib --with-tune=generic --enable-checking=release --build=x86_64-linux-gnu --host=x86_64-linux-gnu --target=x86_64-linux-gnu
Thread model: posix
gcc version 5.4.0 20160609 (Ubuntu 5.4.0-6ubuntu1~16.04.4) 
configure:12899: $? = 0
configure:12888: g++ -V >&5
g++: error: unrecognized command line option '-V'
g++: fatal error: no input files
compilation terminated.
configure:12899: $? = 1
configure:12888: g++ -qversion >&5
g++: error: unrecognized command line option '-qversion'
g++: fatal error: no input files
compilation terminated.
configure:12899: $? = 1
configure:12903: checking whether we are using the GNU C++ compiler
configure:12922: g++ -c -g -O2  conftest.cpp >&5
configure:12922: $? = 0
configure:12931: result: yes
configure:12940: checking whether g++ accepts -g
configure:12960: g++ -c -g  conftest.cpp >&5
configure:12960: $? = 0
configure:13001: result: yes
configure:13042: checking how to run the C++ preprocessor
configure:13069: g++ -E  conftest.cpp
configure:13069: $? = 0
configure:13083: g++ -E  conftest.cpp
conftest.cpp:24:28: fatal error: ac_nonexistent.h: No such file or directory
compilation terminated.
configure:13083: $? = 1
configure: failed program was:
| /* confdefs.h */
| #define PACKAGE_NAME "desr"
| #define PACKAGE_TARNAME "desr"
| #define PACKAGE_VERSION "0.9"
| #define PACKAGE_STRING "desr 0.9"
| #define PACKAGE_BUGREPORT ""
| #define PACKAGE_URL ""
| #define STDC_HEADERS 1
| #define HAVE_SYS_TYPES_H 1
| #define HAVE_SYS_STAT_H 1
| #define HAVE_STDLIB_H 1
| #define HAVE_STRING_H 1
| #define HAVE_MEMORY_H 1
| #define HAVE_STRINGS_H 1
| #define HAVE_INTTYPES_H 1
| #define HAVE_STDINT_H 1
| #define HAVE_UNISTD_H 1
| #define HAVE_DLFCN_H 1
| #define LT_OBJDIR ".libs/"
| #define HAVE_PYTHON /**/
| #define _REENTRANT 1
| #define _GNU_SOURCE 1
| /* end confdefs.h.  */
| #include <ac_nonexistent.h>
configure:13108: result: g++ -E
configure:13128: g++ -E  conftest.cpp
configure:13128: $? = 0
configure:13142: g++ -E  conftest.cpp
conftest.cpp:24:28: fatal error: ac_nonexistent.h: No such file or directory
compilation terminated.
configure:13142: $? = 1
configure: failed program was:
| /* confdefs.h */
| #define PACKAGE_NAME "desr"
| #define PACKAGE_TARNAME "desr"
| #define PACKAGE_VERSION "0.9"
| #define PACKAGE_STRING "desr 0.9"
| #define PACKAGE_BUGREPORT ""
| #define PACKAGE_URL ""
| #define STDC_HEADERS 1
| #define HAVE_SYS_TYPES_H 1
| #define HAVE_SYS_STAT_H 1
| #define HAVE_STDLIB_H 1
| #define HAVE_STRING_H 1
| #define HAVE_MEMORY_H 1
| #define HAVE_STRINGS_H 1
| #define HAVE_INTTYPES_H 1
| #define HAVE_STDINT_H 1
| #define HAVE_UNISTD_H 1
| #define HAVE_DLFCN_H 1
| #define LT_OBJDIR ".libs/"
| #define HAVE_PYTHON /**/
| #define _REENTRANT 1
| #define _GNU_SOURCE 1
| /* end confdefs.h.  */
| #include <ac_nonexistent.h>
configure:13311: checking for ld used by g++
configure:13378: result: /usr/bin/ld -m elf_x86_64
configure:13385: checking if the linker (/usr/bin/ld -m elf_x86_64) is GNU ld
configure:13400: result: yes
configure:13455: checking whether the g++ linker (/usr/bin/ld -m elf_x86_64) supports shared libraries
configure:14460: result: yes
configure:14496: g++ -c -g -O2  conftest.cpp >&5
configure:14499: $? = 0
configure:15019: checking for g++ option to produce PIC
configure:15026: result: -fPIC -DPIC
configure:15034: checking if g++ PIC flag -fPIC -DPIC works
configure:15052: g++ -c -g -O2  -fPIC -DPIC -DPIC conftest.cpp >&5
configure:15056: $? = 0
configure:15069: result: yes
configure:15092: checking if g++ static flag -static works
configure:15120: result: yes
configure:15132: checking if g++ supports -c -o file.o
configure:15153: g++ -c -g -O2  -o out/conftest2.o conftest.cpp >&5
configure:15157: $? = 0
configure:15179: result: yes
configure:15184: checking if g++ supports -c -o file.o
configure:15231: result: yes
configure:15261: checking whether the g++ linker (/usr/bin/ld -m elf_x86_64) supports shared libraries
configure:15300: result: yes
configure:15441: checking dynamic linker characteristics
configure:16120: result: GNU/Linux ld.so
configure:16173: checking how to hardcode library paths into programs
configure:16198: result: immediate
configure:16243: checking how to run the C preprocessor
configure:16313: result: gcc -E
configure:16333: gcc -E  conftest.c
configure:16333: $? = 0
configure:16347: gcc -E  conftest.c
conftest.c:24:28: fatal error: ac_nonexistent.h: No such file or directory
compilation terminated.
configure:16347: $? = 1
configure: failed program was:
| /* confdefs.h */
| #define PACKAGE_NAME "desr"
| #define PACKAGE_TARNAME "desr"
| #define PACKAGE_VERSION "0.9"
| #define PACKAGE_STRING "desr 0.9"
| #define PACKAGE_BUGREPORT ""
| #define PACKAGE_URL ""
| #define STDC_HEADERS 1
| #define HAVE_SYS_TYPES_H 1
| #define HAVE_SYS_STAT_H 1
| #define HAVE_STDLIB_H 1
| #define HAVE_STRING_H 1
| #define HAVE_MEMORY_H 1
| #define HAVE_STRINGS_H 1
| #define HAVE_INTTYPES_H 1
| #define HAVE_STDINT_H 1
| #define HAVE_UNISTD_H 1
| #define HAVE_DLFCN_H 1
| #define LT_OBJDIR ".libs/"
| #define HAVE_PYTHON /**/
| #define _REENTRANT 1
| #define _GNU_SOURCE 1
| /* end confdefs.h.  */
| #include <ac_nonexistent.h>
configure:16415: checking for pthread_create in -lpthread
configure:16440: gcc -o conftest -g -O2   -s conftest.c -lpthread  -lpython2.7  >&5
configure:16440: $? = 0
configure:16449: result: yes
configure:16462: checking for bind in -lxnet
configure:16487: gcc -o conftest -g -O2   -s conftest.c -lxnet  -lpthread -lpython2.7  >&5
/usr/bin/ld: cannot find -lxnet
collect2: error: ld returned 1 exit status
configure:16487: $? = 1
configure: failed program was:
| /* confdefs.h */
| #define PACKAGE_NAME "desr"
| #define PACKAGE_TARNAME "desr"
| #define PACKAGE_VERSION "0.9"
| #define PACKAGE_STRING "desr 0.9"
| #define PACKAGE_BUGREPORT ""
| #define PACKAGE_URL ""
| #define STDC_HEADERS 1
| #define HAVE_SYS_TYPES_H 1
| #define HAVE_SYS_STAT_H 1
| #define HAVE_STDLIB_H 1
| #define HAVE_STRING_H 1
| #define HAVE_MEMORY_H 1
| #define HAVE_STRINGS_H 1
| #define HAVE_INTTYPES_H 1
| #define HAVE_STDINT_H 1
| #define HAVE_UNISTD_H 1
| #define HAVE_DLFCN_H 1
| #define LT_OBJDIR ".libs/"
| #define HAVE_PYTHON /**/
| #define _REENTRANT 1
| #define _GNU_SOURCE 1
| #define NDEBUG 1
| #define HAVE_LIBPTHREAD 1
| /* end confdefs.h.  */
| 
| /* Override any GCC internal prototype to avoid an error.
|    Use char because int might match the return type of a GCC
|    builtin and then its argument prototype would still apply.  */
| #ifdef __cplusplus
| extern "C"
| #endif
| char bind ();
| int
| main ()
| {
| return bind ();
|   ;
|   return 0;
| }
configure:16496: result: no
configure:16509: checking for ANSI C header files
configure:16613: result: yes
configure:16635: checking algorithm usability
configure:16635: g++ -c -g -O2  conftest.cpp >&5
configure:16635: $? = 0
configure:16635: result: yes
configure:16635: checking algorithm presence
configure:16635: g++ -E  conftest.cpp
configure:16635: $? = 0
configure:16635: result: yes
configure:16635: checking for algorithm
configure:16635: result: yes
configure:16635: checking vector usability
configure:16635: g++ -c -g -O2  conftest.cpp >&5
configure:16635: $? = 0
configure:16635: result: yes
configure:16635: checking vector presence
configure:16635: g++ -E  conftest.cpp
configure:16635: $? = 0
configure:16635: result: yes
configure:16635: checking for vector
configure:16635: result: yes
configure:16635: checking string usability
configure:16635: g++ -c -g -O2  conftest.cpp >&5
configure:16635: $? = 0
configure:16635: result: yes
configure:16635: checking string presence
configure:16635: g++ -E  conftest.cpp
configure:16635: $? = 0
configure:16635: result: yes
configure:16635: checking for string
configure:16635: result: yes
configure:16635: checking map usability
configure:16635: g++ -c -g -O2  conftest.cpp >&5
configure:16635: $? = 0
configure:16635: result: yes
configure:16635: checking map presence
configure:16635: g++ -E  conftest.cpp
configure:16635: $? = 0
configure:16635: result: yes
configure:16635: checking for map
configure:16635: result: yes
configure:16651: checking for tr1/unordered_map
configure:16661: g++ -c -g -O2  conftest.cpp >&5
configure:16661: $? = 0
configure:16669: result: yes
configure:16678: checking for tr1/unordered_set
configure:16688: g++ -c -g -O2  conftest.cpp >&5
configure:16688: $? = 0
configure:16696: result: yes
configure:16709: checking hash_map usability
configure:16709: g++ -c -g -O2  conftest.cpp >&5
In file included from /usr/include/c++/5/backward/hash_map:60:0,
                 from conftest.cpp:66:
/usr/include/c++/5/backward/backward_warning.h:32:2: warning: #warning This file includes at least one deprecated or antiquated header which may be removed without further notice at a future date. Please use a non-deprecated interface with equivalent functionality instead. For a listing of replacement headers and interfaces, consult the file backward_warning.h. To disable this warning use -Wno-deprecated. [-Wcpp]
 #warning \
  ^
configure:16709: $? = 0
configure:16709: result: yes
configure:16709: checking hash_map presence
configure:16709: g++ -E  conftest.cpp
In file included from /usr/include/c++/5/backward/hash_map:60:0,
                 from conftest.cpp:33:
/usr/include/c++/5/backward/backward_warning.h:32:2: warning: #warning This file includes at least one deprecated or antiquated header which may be removed without further notice at a future date. Please use a non-deprecated interface with equivalent functionality instead. For a listing of replacement headers and interfaces, consult the file backward_warning.h. To disable this warning use -Wno-deprecated. [-Wcpp]
 #warning \
  ^
configure:16709: $? = 0
configure:16709: result: yes
configure:16709: checking for hash_map
configure:16709: result: yes
configure:16709: checking hash_set usability
configure:16709: g++ -c -g -O2  conftest.cpp >&5
In file included from /usr/include/c++/5/backward/hash_set:60:0,
                 from conftest.cpp:67:
/usr/include/c++/5/backward/backward_warning.h:32:2: warning: #warning This file includes at least one deprecated or antiquated header which may be removed without further notice at a future date. Please use a non-deprecated interface with equivalent functionality instead. For a listing of replacement headers and interfaces, consult the file backward_warning.h. To disable this warning use -Wno-deprecated. [-Wcpp]
 #warning \
  ^
configure:16709: $? = 0
configure:16709: result: yes
configure:16709: checking hash_set presence
configure:16709: g++ -E  conftest.cpp
In file included from /usr/include/c++/5/backward/hash_set:60:0,
                 from conftest.cpp:34:
/usr/include/c++/5/backward/backward_warning.h:32:2: warning: #warning This file includes at least one deprecated or antiquated header which may be removed without further notice at a future date. Please use a non-deprecated interface with equivalent functionality instead. For a listing of replacement headers and interfaces, consult the file backward_warning.h. To disable this warning use -Wno-deprecated. [-Wcpp]
 #warning \
  ^
configure:16709: $? = 0
configure:16709: result: yes
configure:16709: checking for hash_set
configure:16709: result: yes
configure:16755: checking for working alloca.h
configure:16772: g++ -o conftest -g -O2   -s conftest.cpp -lpthread -lpython2.7  >&5
configure:16772: $? = 0
configure:16780: result: yes
configure:16788: checking for alloca
configure:16825: g++ -o conftest -g -O2   -s conftest.cpp -lpthread -lpython2.7  >&5
configure:16825: $? = 0
configure:16833: result: yes
configure:16944: checking for working POSIX fnmatch
configure:16977: g++ -o conftest -g -O2   -s conftest.cpp -lpthread -lpython2.7  >&5
configure:16977: $? = 0
configure:16977: ./conftest
configure:16977: $? = 0
configure:16987: result: yes
configure:16996: checking for working memcmp
configure:17039: g++ -o conftest -g -O2   -s conftest.cpp -lpthread -lpython2.7  >&5
configure:17039: $? = 0
configure:17039: ./conftest
configure:17039: $? = 0
configure:17049: result: yes
configure:17064: checking for stdlib.h
configure:17064: result: yes
configure:17064: checking for unistd.h
configure:17064: result: yes
configure:17064: checking for sys/param.h
configure:17064: g++ -c -g -O2  conftest.cpp >&5
configure:17064: $? = 0
configure:17064: result: yes
configure:17085: checking for getpagesize
configure:17085: g++ -o conftest -g -O2   -s conftest.cpp -lpthread -lpython2.7  >&5
configure:17085: $? = 0
configure:17085: result: yes
configure:17094: checking for working mmap
configure:17241: g++ -o conftest -g -O2   -s conftest.cpp -lpthread -lpython2.7  >&5
configure:17241: $? = 0
configure:17241: ./conftest
configure:17241: $? = 0
configure:17251: result: yes
configure:17263: checking for getcwd
configure:17263: g++ -o conftest -g -O2   -s conftest.cpp -lpthread -lpython2.7  >&5
configure:17263: $? = 0
configure:17263: result: yes
configure:17263: checking for gettimeofday
configure:17263: g++ -o conftest -g -O2   -s conftest.cpp -lpthread -lpython2.7  >&5
configure:17263: $? = 0
configure:17263: result: yes
configure:17263: checking for strdup
configure:17263: g++ -o conftest -g -O2   -s conftest.cpp -lpthread -lpython2.7  >&5
configure:17263: $? = 0
configure:17263: result: yes
configure:17263: checking for strerror
configure:17263: g++ -o conftest -g -O2   -s conftest.cpp -lpthread -lpython2.7  >&5
configure:17263: $? = 0
configure:17263: result: yes
configure:17263: checking for strspn
configure:17263: g++ -o conftest -g -O2   -s conftest.cpp -lpthread -lpython2.7  >&5
configure:17263: $? = 0
configure:17263: result: yes
configure:17263: checking for strstr
configure:17263: g++ -o conftest -g -O2   -s conftest.cpp -lpthread -lpython2.7  >&5
configure:17263: $? = 0
configure:17263: result: yes
configure:17276: checking for bcopy
configure:17276: g++ -o conftest -g -O2   -s conftest.cpp -lpthread -lpython2.7  >&5
configure:17276: $? = 0
configure:17276: result: yes
configure:17276: checking for memmove
configure:17276: g++ -o conftest -g -O2   -s conftest.cpp -lpthread -lpython2.7  >&5
configure:17276: $? = 0
configure:17276: result: yes
configure:17288: checking whether byte ordering is bigendian
configure:17303: g++ -c -g -O2  conftest.cpp >&5
conftest.cpp:52:9: error: expected unqualified-id before 'not' token
         not a universal capable compiler
         ^
configure:17303: $? = 1
configure: failed program was:
| /* confdefs.h */
| #define PACKAGE_NAME "desr"
| #define PACKAGE_TARNAME "desr"
| #define PACKAGE_VERSION "0.9"
| #define PACKAGE_STRING "desr 0.9"
| #define PACKAGE_BUGREPORT ""
| #define PACKAGE_URL ""
| #define STDC_HEADERS 1
| #define HAVE_SYS_TYPES_H 1
| #define HAVE_SYS_STAT_H 1
| #define HAVE_STDLIB_H 1
| #define HAVE_STRING_H 1
| #define HAVE_MEMORY_H 1
| #define HAVE_STRINGS_H 1
| #define HAVE_INTTYPES_H 1
| #define HAVE_STDINT_H 1
| #define HAVE_UNISTD_H 1
| #define HAVE_DLFCN_H 1
| #define LT_OBJDIR ".libs/"
| #define HAVE_PYTHON /**/
| #define _REENTRANT 1
| #define _GNU_SOURCE 1
| #define NDEBUG 1
| #define HAVE_LIBPTHREAD 1
| #define STDC_HEADERS 1
| #define HAVE_ALGORITHM 1
| #define HAVE_VECTOR 1
| #define HAVE_STRING 1
| #define HAVE_MAP 1
| #define HAVE_TR1_UNORDERED_MAP /**/
| #define HAVE_TR1_UNORDERED_SET /**/
| #define HAVE_HASH_MAP 1
| #define HAVE_HASH_SET 1
| #define HAVE_ALLOCA_H 1
| #define HAVE_ALLOCA 1
| #define HAVE_FNMATCH 1
| #define HAVE_STDLIB_H 1
| #define HAVE_UNISTD_H 1
| #define HAVE_SYS_PARAM_H 1
| #define HAVE_GETPAGESIZE 1
| #define HAVE_MMAP 1
| #define HAVE_GETCWD 1
| #define HAVE_GETTIMEOFDAY 1
| #define HAVE_STRDUP 1
| #define HAVE_STRERROR 1
| #define HAVE_STRSPN 1
| #define HAVE_STRSTR 1
| #define HAVE_BCOPY 1
| #define HAVE_MEMMOVE 1
| /* end confdefs.h.  */
| #ifndef __APPLE_CC__
| 	       not a universal capable compiler
| 	     #endif
| 	     typedef int dummy;
| 
configure:17348: g++ -c -g -O2  conftest.cpp >&5
configure:17348: $? = 0
configure:17366: g++ -c -g -O2  conftest.cpp >&5
conftest.cpp: In function 'int main()':
conftest.cpp:58:8: error: 'big' was not declared in this scope
    not big endian
        ^
configure:17366: $? = 1
configure: failed program was:
| /* confdefs.h */
| #define PACKAGE_NAME "desr"
| #define PACKAGE_TARNAME "desr"
| #define PACKAGE_VERSION "0.9"
| #define PACKAGE_STRING "desr 0.9"
| #define PACKAGE_BUGREPORT ""
| #define PACKAGE_URL ""
| #define STDC_HEADERS 1
| #define HAVE_SYS_TYPES_H 1
| #define HAVE_SYS_STAT_H 1
| #define HAVE_STDLIB_H 1
| #define HAVE_STRING_H 1
| #define HAVE_MEMORY_H 1
| #define HAVE_STRINGS_H 1
| #define HAVE_INTTYPES_H 1
| #define HAVE_STDINT_H 1
| #define HAVE_UNISTD_H 1
| #define HAVE_DLFCN_H 1
| #define LT_OBJDIR ".libs/"
| #define HAVE_PYTHON /**/
| #define _REENTRANT 1
| #define _GNU_SOURCE 1
| #define NDEBUG 1
| #define HAVE_LIBPTHREAD 1
| #define STDC_HEADERS 1
| #define HAVE_ALGORITHM 1
| #define HAVE_VECTOR 1
| #define HAVE_STRING 1
| #define HAVE_MAP 1
| #define HAVE_TR1_UNORDERED_MAP /**/
| #define HAVE_TR1_UNORDERED_SET /**/
| #define HAVE_HASH_MAP 1
| #define HAVE_HASH_SET 1
| #define HAVE_ALLOCA_H 1
| #define HAVE_ALLOCA 1
| #define HAVE_FNMATCH 1
| #define HAVE_STDLIB_H 1
| #define HAVE_UNISTD_H 1
| #define HAVE_SYS_PARAM_H 1
| #define HAVE_GETPAGESIZE 1
| #define HAVE_MMAP 1
| #define HAVE_GETCWD 1
| #define HAVE_GETTIMEOFDAY 1
| #define HAVE_STRDUP 1
| #define HAVE_STRERROR 1
| #define HAVE_STRSPN 1
| #define HAVE_STRSTR 1
| #define HAVE_BCOPY 1
| #define HAVE_MEMMOVE 1
| /* end confdefs.h.  */
| #include <sys/types.h>
| 		#include <sys/param.h>
| 
| int
| main ()
| {
| #if BYTE_ORDER != BIG_ENDIAN
| 		 not big endian
| 		#endif
| 
|   ;
|   return 0;
| }
configure:17494: result: no
configure:17512: checking whether struct tm is in sys/time.h or time.h
configure:17532: g++ -c -g -O2  conftest.cpp >&5
configure:17532: $? = 0
configure:17539: result: time.h
configure:17547: checking for mode_t
configure:17547: g++ -c -g -O2  conftest.cpp >&5
configure:17547: $? = 0
configure:17547: g++ -c -g -O2  conftest.cpp >&5
conftest.cpp: In function 'int main()':
conftest.cpp:87:20: error: expected primary-expression before ')' token
 if (sizeof ((mode_t)))
                    ^
configure:17547: $? = 1
configure: failed program was:
| /* confdefs.h */
| #define PACKAGE_NAME "desr"
| #define PACKAGE_TARNAME "desr"
| #define PACKAGE_VERSION "0.9"
| #define PACKAGE_STRING "desr 0.9"
| #define PACKAGE_BUGREPORT ""
| #define PACKAGE_URL ""
| #define STDC_HEADERS 1
| #define HAVE_SYS_TYPES_H 1
| #define HAVE_SYS_STAT_H 1
| #define HAVE_STDLIB_H 1
| #define HAVE_STRING_H 1
| #define HAVE_MEMORY_H 1
| #define HAVE_STRINGS_H 1
| #define HAVE_INTTYPES_H 1
| #define HAVE_STDINT_H 1
| #define HAVE_UNISTD_H 1
| #define HAVE_DLFCN_H 1
| #define LT_OBJDIR ".libs/"
| #define HAVE_PYTHON /**/
| #define _REENTRANT 1
| #define _GNU_SOURCE 1
| #define NDEBUG 1
| #define HAVE_LIBPTHREAD 1
| #define STDC_HEADERS 1
| #define HAVE_ALGORITHM 1
| #define HAVE_VECTOR 1
| #define HAVE_STRING 1
| #define HAVE_MAP 1
| #define HAVE_TR1_UNORDERED_MAP /**/
| #define HAVE_TR1_UNORDERED_SET /**/
| #define HAVE_HASH_MAP 1
| #define HAVE_HASH_SET 1
| #define HAVE_ALLOCA_H 1
| #define HAVE_ALLOCA 1
| #define HAVE_FNMATCH 1
| #define HAVE_STDLIB_H 1
| #define HAVE_UNISTD_H 1
| #define HAVE_SYS_PARAM_H 1
| #define HAVE_GETPAGESIZE 1
| #define HAVE_MMAP 1
| #define HAVE_GETCWD 1
| #define HAVE_GETTIMEOFDAY 1
| #define HAVE_STRDUP 1
| #define HAVE_STRERROR 1
| #define HAVE_STRSPN 1
| #define HAVE_STRSTR 1
| #define HAVE_BCOPY 1
| #define HAVE_MEMMOVE 1
| /* end confdefs.h.  */
| #include <stdio.h>
| #ifdef HAVE_SYS_TYPES_H
| # include <sys/types.h>
| #endif
| #ifdef HAVE_SYS_STAT_H
| # include <sys/stat.h>
| #endif
| #ifdef STDC_HEADERS
| # include <stdlib.h>
| # include <stddef.h>
| #else
| # ifdef HAVE_STDLIB_H
| #  include <stdlib.h>
| # endif
| #endif
| #ifdef HAVE_STRING_H
| # if !defined STDC_HEADERS && defined HAVE_MEMORY_H
| #  include <memory.h>
| # endif
| # include <string.h>
| #endif
| #ifdef HAVE_STRINGS_H
| # include <strings.h>
| #endif
| #ifdef HAVE_INTTYPES_H
| # include <inttypes.h>
| #endif
| #ifdef HAVE_STDINT_H
| # include <stdint.h>
| #endif
| #ifdef HAVE_UNISTD_H
| # include <unistd.h>
| #endif
| int
| main ()
| {
| if (sizeof ((mode_t)))
| 	    return 0;
|   ;
|   return 0;
| }
configure:17547: result: yes
configure:17558: checking for off_t
configure:17558: g++ -c -g -O2  conftest.cpp >&5
configure:17558: $? = 0
configure:17558: g++ -c -g -O2  conftest.cpp >&5
conftest.cpp: In function 'int main()':
conftest.cpp:87:19: error: expected primary-expression before ')' token
 if (sizeof ((off_t)))
                   ^
configure:17558: $? = 1
configure: failed program was:
| /* confdefs.h */
| #define PACKAGE_NAME "desr"
| #define PACKAGE_TARNAME "desr"
| #define PACKAGE_VERSION "0.9"
| #define PACKAGE_STRING "desr 0.9"
| #define PACKAGE_BUGREPORT ""
| #define PACKAGE_URL ""
| #define STDC_HEADERS 1
| #define HAVE_SYS_TYPES_H 1
| #define HAVE_SYS_STAT_H 1
| #define HAVE_STDLIB_H 1
| #define HAVE_STRING_H 1
| #define HAVE_MEMORY_H 1
| #define HAVE_STRINGS_H 1
| #define HAVE_INTTYPES_H 1
| #define HAVE_STDINT_H 1
| #define HAVE_UNISTD_H 1
| #define HAVE_DLFCN_H 1
| #define LT_OBJDIR ".libs/"
| #define HAVE_PYTHON /**/
| #define _REENTRANT 1
| #define _GNU_SOURCE 1
| #define NDEBUG 1
| #define HAVE_LIBPTHREAD 1
| #define STDC_HEADERS 1
| #define HAVE_ALGORITHM 1
| #define HAVE_VECTOR 1
| #define HAVE_STRING 1
| #define HAVE_MAP 1
| #define HAVE_TR1_UNORDERED_MAP /**/
| #define HAVE_TR1_UNORDERED_SET /**/
| #define HAVE_HASH_MAP 1
| #define HAVE_HASH_SET 1
| #define HAVE_ALLOCA_H 1
| #define HAVE_ALLOCA 1
| #define HAVE_FNMATCH 1
| #define HAVE_STDLIB_H 1
| #define HAVE_UNISTD_H 1
| #define HAVE_SYS_PARAM_H 1
| #define HAVE_GETPAGESIZE 1
| #define HAVE_MMAP 1
| #define HAVE_GETCWD 1
| #define HAVE_GETTIMEOFDAY 1
| #define HAVE_STRDUP 1
| #define HAVE_STRERROR 1
| #define HAVE_STRSPN 1
| #define HAVE_STRSTR 1
| #define HAVE_BCOPY 1
| #define HAVE_MEMMOVE 1
| /* end confdefs.h.  */
| #include <stdio.h>
| #ifdef HAVE_SYS_TYPES_H
| # include <sys/types.h>
| #endif
| #ifdef HAVE_SYS_STAT_H
| # include <sys/stat.h>
| #endif
| #ifdef STDC_HEADERS
| # include <stdlib.h>
| # include <stddef.h>
| #else
| # ifdef HAVE_STDLIB_H
| #  include <stdlib.h>
| # endif
| #endif
| #ifdef HAVE_STRING_H
| # if !defined STDC_HEADERS && defined HAVE_MEMORY_H
| #  include <memory.h>
| # endif
| # include <string.h>
| #endif
| #ifdef HAVE_STRINGS_H
| # include <strings.h>
| #endif
| #ifdef HAVE_INTTYPES_H
| # include <inttypes.h>
| #endif
| #ifdef HAVE_STDINT_H
| # include <stdint.h>
| #endif
| #ifdef HAVE_UNISTD_H
| # include <unistd.h>
| #endif
| int
| main ()
| {
| if (sizeof ((off_t)))
| 	    return 0;
|   ;
|   return 0;
| }
configure:17558: result: yes
configure:17569: checking for off64_t
configure:17569: g++ -c -g -O2  conftest.cpp >&5
configure:17569: $? = 0
configure:17569: g++ -c -g -O2  conftest.cpp >&5
conftest.cpp: In function 'int main()':
conftest.cpp:58:21: error: expected primary-expression before ')' token
 if (sizeof ((off64_t)))
                     ^
configure:17569: $? = 1
configure: failed program was:
| /* confdefs.h */
| #define PACKAGE_NAME "desr"
| #define PACKAGE_TARNAME "desr"
| #define PACKAGE_VERSION "0.9"
| #define PACKAGE_STRING "desr 0.9"
| #define PACKAGE_BUGREPORT ""
| #define PACKAGE_URL ""
| #define STDC_HEADERS 1
| #define HAVE_SYS_TYPES_H 1
| #define HAVE_SYS_STAT_H 1
| #define HAVE_STDLIB_H 1
| #define HAVE_STRING_H 1
| #define HAVE_MEMORY_H 1
| #define HAVE_STRINGS_H 1
| #define HAVE_INTTYPES_H 1
| #define HAVE_STDINT_H 1
| #define HAVE_UNISTD_H 1
| #define HAVE_DLFCN_H 1
| #define LT_OBJDIR ".libs/"
| #define HAVE_PYTHON /**/
| #define _REENTRANT 1
| #define _GNU_SOURCE 1
| #define NDEBUG 1
| #define HAVE_LIBPTHREAD 1
| #define STDC_HEADERS 1
| #define HAVE_ALGORITHM 1
| #define HAVE_VECTOR 1
| #define HAVE_STRING 1
| #define HAVE_MAP 1
| #define HAVE_TR1_UNORDERED_MAP /**/
| #define HAVE_TR1_UNORDERED_SET /**/
| #define HAVE_HASH_MAP 1
| #define HAVE_HASH_SET 1
| #define HAVE_ALLOCA_H 1
| #define HAVE_ALLOCA 1
| #define HAVE_FNMATCH 1
| #define HAVE_STDLIB_H 1
| #define HAVE_UNISTD_H 1
| #define HAVE_SYS_PARAM_H 1
| #define HAVE_GETPAGESIZE 1
| #define HAVE_MMAP 1
| #define HAVE_GETCWD 1
| #define HAVE_GETTIMEOFDAY 1
| #define HAVE_STRDUP 1
| #define HAVE_STRERROR 1
| #define HAVE_STRSPN 1
| #define HAVE_STRSTR 1
| #define HAVE_BCOPY 1
| #define HAVE_MEMMOVE 1
| /* end confdefs.h.  */
| 
| #include <sys/types.h>
| #include <stdio.h>
| 
| int
| main ()
| {
| if (sizeof ((off64_t)))
| 	    return 0;
|   ;
|   return 0;
| }
configure:17569: result: yes
configure:17580: checking for pid_t
configure:17580: g++ -c -g -O2  conftest.cpp >&5
configure:17580: $? = 0
configure:17580: g++ -c -g -O2  conftest.cpp >&5
conftest.cpp: In function 'int main()':
conftest.cpp:87:19: error: expected primary-expression before ')' token
 if (sizeof ((pid_t)))
                   ^
configure:17580: $? = 1
configure: failed program was:
| /* confdefs.h */
| #define PACKAGE_NAME "desr"
| #define PACKAGE_TARNAME "desr"
| #define PACKAGE_VERSION "0.9"
| #define PACKAGE_STRING "desr 0.9"
| #define PACKAGE_BUGREPORT ""
| #define PACKAGE_URL ""
| #define STDC_HEADERS 1
| #define HAVE_SYS_TYPES_H 1
| #define HAVE_SYS_STAT_H 1
| #define HAVE_STDLIB_H 1
| #define HAVE_STRING_H 1
| #define HAVE_MEMORY_H 1
| #define HAVE_STRINGS_H 1
| #define HAVE_INTTYPES_H 1
| #define HAVE_STDINT_H 1
| #define HAVE_UNISTD_H 1
| #define HAVE_DLFCN_H 1
| #define LT_OBJDIR ".libs/"
| #define HAVE_PYTHON /**/
| #define _REENTRANT 1
| #define _GNU_SOURCE 1
| #define NDEBUG 1
| #define HAVE_LIBPTHREAD 1
| #define STDC_HEADERS 1
| #define HAVE_ALGORITHM 1
| #define HAVE_VECTOR 1
| #define HAVE_STRING 1
| #define HAVE_MAP 1
| #define HAVE_TR1_UNORDERED_MAP /**/
| #define HAVE_TR1_UNORDERED_SET /**/
| #define HAVE_HASH_MAP 1
| #define HAVE_HASH_SET 1
| #define HAVE_ALLOCA_H 1
| #define HAVE_ALLOCA 1
| #define HAVE_FNMATCH 1
| #define HAVE_STDLIB_H 1
| #define HAVE_UNISTD_H 1
| #define HAVE_SYS_PARAM_H 1
| #define HAVE_GETPAGESIZE 1
| #define HAVE_MMAP 1
| #define HAVE_GETCWD 1
| #define HAVE_GETTIMEOFDAY 1
| #define HAVE_STRDUP 1
| #define HAVE_STRERROR 1
| #define HAVE_STRSPN 1
| #define HAVE_STRSTR 1
| #define HAVE_BCOPY 1
| #define HAVE_MEMMOVE 1
| /* end confdefs.h.  */
| #include <stdio.h>
| #ifdef HAVE_SYS_TYPES_H
| # include <sys/types.h>
| #endif
| #ifdef HAVE_SYS_STAT_H
| # include <sys/stat.h>
| #endif
| #ifdef STDC_HEADERS
| # include <stdlib.h>
| # include <stddef.h>
| #else
| # ifdef HAVE_STDLIB_H
| #  include <stdlib.h>
| # endif
| #endif
| #ifdef HAVE_STRING_H
| # if !defined STDC_HEADERS && defined HAVE_MEMORY_H
| #  include <memory.h>
| # endif
| # include <string.h>
| #endif
| #ifdef HAVE_STRINGS_H
| # include <strings.h>
| #endif
| #ifdef HAVE_INTTYPES_H
| # include <inttypes.h>
| #endif
| #ifdef HAVE_STDINT_H
| # include <stdint.h>
| #endif
| #ifdef HAVE_UNISTD_H
| # include <unistd.h>
| #endif
| int
| main ()
| {
| if (sizeof ((pid_t)))
| 	    return 0;
|   ;
|   return 0;
| }
configure:17580: result: yes
configure:17591: checking for size_t
configure:17591: g++ -c -g -O2  conftest.cpp >&5
configure:17591: $? = 0
configure:17591: g++ -c -g -O2  conftest.cpp >&5
conftest.cpp: In function 'int main()':
conftest.cpp:87:20: error: expected primary-expression before ')' token
 if (sizeof ((size_t)))
                    ^
configure:17591: $? = 1
configure: failed program was:
| /* confdefs.h */
| #define PACKAGE_NAME "desr"
| #define PACKAGE_TARNAME "desr"
| #define PACKAGE_VERSION "0.9"
| #define PACKAGE_STRING "desr 0.9"
| #define PACKAGE_BUGREPORT ""
| #define PACKAGE_URL ""
| #define STDC_HEADERS 1
| #define HAVE_SYS_TYPES_H 1
| #define HAVE_SYS_STAT_H 1
| #define HAVE_STDLIB_H 1
| #define HAVE_STRING_H 1
| #define HAVE_MEMORY_H 1
| #define HAVE_STRINGS_H 1
| #define HAVE_INTTYPES_H 1
| #define HAVE_STDINT_H 1
| #define HAVE_UNISTD_H 1
| #define HAVE_DLFCN_H 1
| #define LT_OBJDIR ".libs/"
| #define HAVE_PYTHON /**/
| #define _REENTRANT 1
| #define _GNU_SOURCE 1
| #define NDEBUG 1
| #define HAVE_LIBPTHREAD 1
| #define STDC_HEADERS 1
| #define HAVE_ALGORITHM 1
| #define HAVE_VECTOR 1
| #define HAVE_STRING 1
| #define HAVE_MAP 1
| #define HAVE_TR1_UNORDERED_MAP /**/
| #define HAVE_TR1_UNORDERED_SET /**/
| #define HAVE_HASH_MAP 1
| #define HAVE_HASH_SET 1
| #define HAVE_ALLOCA_H 1
| #define HAVE_ALLOCA 1
| #define HAVE_FNMATCH 1
| #define HAVE_STDLIB_H 1
| #define HAVE_UNISTD_H 1
| #define HAVE_SYS_PARAM_H 1
| #define HAVE_GETPAGESIZE 1
| #define HAVE_MMAP 1
| #define HAVE_GETCWD 1
| #define HAVE_GETTIMEOFDAY 1
| #define HAVE_STRDUP 1
| #define HAVE_STRERROR 1
| #define HAVE_STRSPN 1
| #define HAVE_STRSTR 1
| #define HAVE_BCOPY 1
| #define HAVE_MEMMOVE 1
| /* end confdefs.h.  */
| #include <stdio.h>
| #ifdef HAVE_SYS_TYPES_H
| # include <sys/types.h>
| #endif
| #ifdef HAVE_SYS_STAT_H
| # include <sys/stat.h>
| #endif
| #ifdef STDC_HEADERS
| # include <stdlib.h>
| # include <stddef.h>
| #else
| # ifdef HAVE_STDLIB_H
| #  include <stdlib.h>
| # endif
| #endif
| #ifdef HAVE_STRING_H
| # if !defined STDC_HEADERS && defined HAVE_MEMORY_H
| #  include <memory.h>
| # endif
| # include <string.h>
| #endif
| #ifdef HAVE_STRINGS_H
| # include <strings.h>
| #endif
| #ifdef HAVE_INTTYPES_H
| # include <inttypes.h>
| #endif
| #ifdef HAVE_STDINT_H
| # include <stdint.h>
| #endif
| #ifdef HAVE_UNISTD_H
| # include <unistd.h>
| #endif
| int
| main ()
| {
| if (sizeof ((size_t)))
| 	    return 0;
|   ;
|   return 0;
| }
configure:17591: result: yes
configure:17606: checking alignement memory restriction
configure:17631: g++ -o conftest -g -O2   -s conftest.cpp -lpthread -lpython2.7  >&5
configure:17631: $? = 0
configure:17631: ./conftest
configure:17631: $? = 0
configure:17642: result: yes
configure:17651: checking suitable value for PAGE_SIZE
configure:17672: g++ -o conftest -g -O2   -s conftest.cpp -lpthread -lpython2.7  >&5
conftest.cpp: In function 'int main()':
conftest.cpp:57:46: error: 'exit' was not declared in this scope
   exit(fprintf(fd, "%d\n", getpagesize()) < 0);
                                              ^
configure:17672: $? = 1
configure: program exited with status 1
configure: failed program was:
| /* confdefs.h */
| #define PACKAGE_NAME "desr"
| #define PACKAGE_TARNAME "desr"
| #define PACKAGE_VERSION "0.9"
| #define PACKAGE_STRING "desr 0.9"
| #define PACKAGE_BUGREPORT ""
| #define PACKAGE_URL ""
| #define STDC_HEADERS 1
| #define HAVE_SYS_TYPES_H 1
| #define HAVE_SYS_STAT_H 1
| #define HAVE_STDLIB_H 1
| #define HAVE_STRING_H 1
| #define HAVE_MEMORY_H 1
| #define HAVE_STRINGS_H 1
| #define HAVE_INTTYPES_H 1
| #define HAVE_STDINT_H 1
| #define HAVE_UNISTD_H 1
| #define HAVE_DLFCN_H 1
| #define LT_OBJDIR ".libs/"
| #define HAVE_PYTHON /**/
| #define _REENTRANT 1
| #define _GNU_SOURCE 1
| #define NDEBUG 1
| #define HAVE_LIBPTHREAD 1
| #define STDC_HEADERS 1
| #define HAVE_ALGORITHM 1
| #define HAVE_VECTOR 1
| #define HAVE_STRING 1
| #define HAVE_MAP 1
| #define HAVE_TR1_UNORDERED_MAP /**/
| #define HAVE_TR1_UNORDERED_SET /**/
| #define HAVE_HASH_MAP 1
| #define HAVE_HASH_SET 1
| #define HAVE_ALLOCA_H 1
| #define HAVE_ALLOCA 1
| #define HAVE_FNMATCH 1
| #define HAVE_STDLIB_H 1
| #define HAVE_UNISTD_H 1
| #define HAVE_SYS_PARAM_H 1
| #define HAVE_GETPAGESIZE 1
| #define HAVE_MMAP 1
| #define HAVE_GETCWD 1
| #define HAVE_GETTIMEOFDAY 1
| #define HAVE_STRDUP 1
| #define HAVE_STRERROR 1
| #define HAVE_STRSPN 1
| #define HAVE_STRSTR 1
| #define HAVE_BCOPY 1
| #define HAVE_MEMMOVE 1
| #define BYTE_ALIGN 1
| /* end confdefs.h.  */
| 
| #include <stdio.h>
| #include <unistd.h>
| int main() {
|   FILE* fd = fopen("confpage.set", "w");
|   exit(fprintf(fd, "%d\n", getpagesize()) < 0);
| }
configure:17687: result: 4096
configure:17804: creating ./config.status

## ---------------------- ##
## Running config.status. ##
## ---------------------- ##

This file was extended by desr config.status 0.9, which was
generated by GNU Autoconf 2.65.  Invocation command line was

  CONFIG_FILES    = 
  CONFIG_HEADERS  = 
  CONFIG_LINKS    = 
  CONFIG_COMMANDS = 
  $ ./config.status 

on ubuntu

config.status:1187: creating Makefile.common
config.status:1187: creating Makefile
config.status:1295: WARNING:  'Makefile.in' seems to ignore the --datarootdir setting
config.status:1187: creating classifier/Makefile
config.status:1187: creating classifier/test/Makefile
config.status:1187: creating ixe/Makefile
config.status:1187: creating text/Makefile
config.status:1187: creating text/pcre/Makefile
config.status:1187: creating src/Makefile
config.status:1187: creating doc/Makefile
config.status:1187: creating doc/doxygen.conf
config.status:1187: creating src/config.h
config.status:1187: creating ixe/platform.h
config.status:1373: executing libtool commands
configure:20234: === configuring in text/pcre (/home/eek/Solarix/GrammarEngine/src/demo/ai/solarix/DeSR/desr-1.3.2/text/pcre)
configure:20297: running /bin/bash ./configure --disable-option-checking '--prefix=/usr/local'  --cache-file=/dev/null --srcdir=.

## ---------------- ##
## Cache variables. ##
## ---------------- ##

ac_cv_build=x86_64-unknown-linux-gnu
ac_cv_bytealign=yes
ac_cv_c_bigendian=no
ac_cv_c_compiler_gnu=yes
ac_cv_cxx_compiler_gnu=yes
ac_cv_cxx_tr1_unordered_map=yes
ac_cv_cxx_tr1_unordered_set=yes
ac_cv_env_CCC_set=
ac_cv_env_CCC_value=
ac_cv_env_CC_set=
ac_cv_env_CC_value=
ac_cv_env_CFLAGS_set=
ac_cv_env_CFLAGS_value=
ac_cv_env_CPPFLAGS_set=
ac_cv_env_CPPFLAGS_value=
ac_cv_env_CPP_set=
ac_cv_env_CPP_value=
ac_cv_env_CXXCPP_set=
ac_cv_env_CXXCPP_value=
ac_cv_env_CXXFLAGS_set=
ac_cv_env_CXXFLAGS_value=
ac_cv_env_CXX_set=
ac_cv_env_CXX_value=
ac_cv_env_LDFLAGS_set=
ac_cv_env_LDFLAGS_value=
ac_cv_env_LIBS_set=
ac_cv_env_LIBS_value=
ac_cv_env_build_alias_set=
ac_cv_env_build_alias_value=
ac_cv_env_host_alias_set=
ac_cv_env_host_alias_value=
ac_cv_env_target_alias_set=
ac_cv_env_target_alias_value=
ac_cv_func_alloca_works=yes
ac_cv_func_bcopy=yes
ac_cv_func_fnmatch_works=yes
ac_cv_func_getcwd=yes
ac_cv_func_getpagesize=yes
ac_cv_func_gettimeofday=yes
ac_cv_func_memcmp_working=yes
ac_cv_func_memmove=yes
ac_cv_func_mmap_fixed_mapped=yes
ac_cv_func_strdup=yes
ac_cv_func_strerror=yes
ac_cv_func_strspn=yes
ac_cv_func_strstr=yes
ac_cv_header_algorithm=yes
ac_cv_header_dlfcn_h=yes
ac_cv_header_hash_map=yes
ac_cv_header_hash_set=yes
ac_cv_header_inttypes_h=yes
ac_cv_header_map=yes
ac_cv_header_memory_h=yes
ac_cv_header_stdc=yes
ac_cv_header_stdint_h=yes
ac_cv_header_stdlib_h=yes
ac_cv_header_string=yes
ac_cv_header_string_h=yes
ac_cv_header_strings_h=yes
ac_cv_header_sys_param_h=yes
ac_cv_header_sys_stat_h=yes
ac_cv_header_sys_types_h=yes
ac_cv_header_unistd_h=yes
ac_cv_header_vector=yes
ac_cv_host=x86_64-unknown-linux-gnu
ac_cv_lib_pthread_pthread_create=yes
ac_cv_lib_xnet_bind=no
ac_cv_objext=o
ac_cv_page_size=4096
ac_cv_path_AR=/usr/bin/ar
ac_cv_path_AUTOCONF=autoconf
ac_cv_path_CHMOD=/bin/chmod
ac_cv_path_CP=/bin/cp
ac_cv_path_DISTILL=distill
ac_cv_path_DOXYGEN=/usr/local/bin/doxygen
ac_cv_path_EGREP='/bin/grep -E'
ac_cv_path_FGREP='/bin/grep -F'
ac_cv_path_FIND=/usr/bin/find
ac_cv_path_GREP=/bin/grep
ac_cv_path_GUNZIP=/bin/gunzip
ac_cv_path_LN=/bin/ln
ac_cv_path_MKDIR=/bin/mkdir
ac_cv_path_PERL=/usr/bin/perl
ac_cv_path_PYTHON=/usr/bin/python
ac_cv_path_RM=/bin/rm
ac_cv_path_SED=/bin/sed
ac_cv_path_SHELL=/bin/bash
ac_cv_path_STRIP=/usr/bin/strip
ac_cv_path_TAR=/bin/tar
ac_cv_path_install='/usr/bin/install -c'
ac_cv_path_mkdir=/bin/mkdir
ac_cv_prog_AWK=mawk
ac_cv_prog_CPP='gcc -E'
ac_cv_prog_CXXCPP='g++ -E'
ac_cv_prog_JAVA=java
ac_cv_prog_ac_ct_AR=ar
ac_cv_prog_ac_ct_CC=gcc
ac_cv_prog_ac_ct_CXX=g++
ac_cv_prog_ac_ct_MANIFEST_TOOL=mt
ac_cv_prog_ac_ct_OBJDUMP=objdump
ac_cv_prog_ac_ct_RANLIB=ranlib
ac_cv_prog_ac_ct_STRIP=strip
ac_cv_prog_cc_c89=
ac_cv_prog_cc_g=yes
ac_cv_prog_cxx_g=yes
ac_cv_prog_make_make_set=yes
ac_cv_struct_tm=time.h
ac_cv_type_mode_t=yes
ac_cv_type_off64_t=yes
ac_cv_type_off_t=yes
ac_cv_type_pid_t=yes
ac_cv_type_size_t=yes
ac_cv_working_alloca_h=yes
lt_cv_ar_at_file=@
lt_cv_archive_cmds_need_lc=no
lt_cv_deplibs_check_method=pass_all
lt_cv_file_magic_cmd='$MAGIC_CMD'
lt_cv_file_magic_test_file=
lt_cv_ld_reload_flag=-r
lt_cv_nm_interface='BSD nm'
lt_cv_objdir=.libs
lt_cv_path_LD=/usr/bin/ld
lt_cv_path_LDCXX='/usr/bin/ld -m elf_x86_64'
lt_cv_path_NM='/usr/bin/nm -B'
lt_cv_path_mainfest_tool=no
lt_cv_prog_compiler_c_o=yes
lt_cv_prog_compiler_c_o_CXX=yes
lt_cv_prog_compiler_pic='-fPIC -DPIC'
lt_cv_prog_compiler_pic_CXX='-fPIC -DPIC'
lt_cv_prog_compiler_pic_works=yes
lt_cv_prog_compiler_pic_works_CXX=yes
lt_cv_prog_compiler_rtti_exceptions=no
lt_cv_prog_compiler_static_works=yes
lt_cv_prog_compiler_static_works_CXX=yes
lt_cv_prog_gnu_ld=yes
lt_cv_prog_gnu_ldcxx=yes
lt_cv_sharedlib_from_linklib_cmd='printf %s\n'
lt_cv_shlibpath_overrides_runpath=no
lt_cv_sys_global_symbol_pipe='sed -n -e '\''s/^.*[	 ]\([ABCDGIRSTW][ABCDGIRSTW]*\)[	 ][	 ]*\([_A-Za-z][_A-Za-z0-9]*\)$/\1 \2 \2/p'\'' | sed '\''/ __gnu_lto/d'\'''
lt_cv_sys_global_symbol_to_c_name_address='sed -n -e '\''s/^: \([^ ]*\)[ ]*$/  {\"\1\", (void *) 0},/p'\'' -e '\''s/^[ABCDGIRSTW]* \([^ ]*\) \([^ ]*\)$/  {"\2", (void *) \&\2},/p'\'''
lt_cv_sys_global_symbol_to_c_name_address_lib_prefix='sed -n -e '\''s/^: \([^ ]*\)[ ]*$/  {\"\1\", (void *) 0},/p'\'' -e '\''s/^[ABCDGIRSTW]* \([^ ]*\) \(lib[^ ]*\)$/  {"\2", (void *) \&\2},/p'\'' -e '\''s/^[ABCDGIRSTW]* \([^ ]*\) \([^ ]*\)$/  {"lib\2", (void *) \&\2},/p'\'''
lt_cv_sys_global_symbol_to_cdecl='sed -n -e '\''s/^T .* \(.*\)$/extern int \1();/p'\'' -e '\''s/^[ABCDGIRSTW]* .* \(.*\)$/extern char \1;/p'\'''
lt_cv_sys_max_cmd_len=1572864
lt_cv_to_host_file_cmd=func_convert_file_noop
lt_cv_to_tool_file_cmd=func_convert_file_noop

## ----------------- ##
## Output variables. ##
## ----------------- ##

ALLOCA=''
AR='/usr/bin/ar'
AUTOCONF='autoconf'
AWK='mawk'
CC='gcc'
CFLAGS='-g -O2'
CHMOD='/bin/chmod'
CP='/bin/cp'
CPP='gcc -E'
CPPFLAGS=''
CPPMMD='-Wp,-MMD,$@.d'
CXX='g++'
CXXCPP='g++ -E'
CXXFLAGS='-g -O2'
DEFS='-DHAVE_CONFIG_H'
DISTILL='distill'
DLLTOOL='false'
DOXYGEN='/usr/local/bin/doxygen'
DSYMUTIL=''
DUMPBIN=''
ECHO_C=''
ECHO_N='-n'
ECHO_T=''
EGREP='/bin/grep -E'
EXEEXT=''
FGREP='/bin/grep -F'
FIND='/usr/bin/find'
GREP='/bin/grep'
GUNZIP='/bin/gunzip'
HAVE_ALLOCA=''
HAVE_DOT=''
HAVE_JAVA=''
HAVE_JAVA_FALSE='#'
HAVE_JAVA_TRUE=''
INSTALL_DATA='${INSTALL} -m 644'
INSTALL_PROGRAM='${INSTALL}'
INSTALL_SCRIPT='${INSTALL}'
INSTALL_STRIP_PROGRAM='$(install_sh) -c -s'
JAVA='java'
JAVA_INCLUDE=' '
LD='/usr/bin/ld -m elf_x86_64'
LDFLAGS=' -s'
LD_SHARED='-shared'
LIBOBJS=''
LIBS='-lpthread -lpython2.7 '
LIBTOOL='$(SHELL) $(top_builddir)/libtool'
LIPO=''
LN='/bin/ln'
LN_S='ln -s'
LTCFLAGS=''
LTLIBOBJS=''
MAJOR_VERSION='1'
MANIFEST_TOOL=':'
MINOR_VERSION='3'
MKDIR='/bin/mkdir'
MKDIR_P='/bin/mkdir -p'
NM='/usr/bin/nm -B'
NMEDIT=''
OBJDUMP='objdump'
OBJEXT='o'
OTOOL64=''
OTOOL=''
PACKAGE='desr'
PACKAGE_BUGREPORT=''
PACKAGE_NAME='desr'
PACKAGE_STRING='desr 0.9'
PACKAGE_TARNAME='desr'
PACKAGE_URL=''
PACKAGE_VERSION='0.9'
PATH_SEPARATOR=':'
PERL='/usr/bin/perl'
PYTHON='/usr/bin/python'
PYTHON_INCLUDE='-I/usr/include/python2.7'
RANLIB='ranlib'
REVISION_LEVEL='2'
RM='/bin/rm -f'
SED='/bin/sed'
SET_MAKE=''
SHELL='/bin/bash'
STRIP='/usr/bin/strip'
SWIG_FLAGS='-fno-strict-aliasing'
TAR='/bin/tar'
VERSION='1.3.2'
ac_ct_AR='ar'
ac_ct_CC='gcc'
ac_ct_CXX='g++'
ac_ct_DUMPBIN=''
bindir='${exec_prefix}/bin'
build='x86_64-unknown-linux-gnu'
build_alias=''
build_cpu='x86_64'
build_os='linux-gnu'
build_vendor='unknown'
datadir='${datarootdir}'
datarootdir='${prefix}/share'
docdir='${datarootdir}/doc/${PACKAGE_TARNAME}'
dot=''
dvidir='${docdir}'
exec_prefix='${prefix}'
host='x86_64-unknown-linux-gnu'
host_alias=''
host_cpu='x86_64'
host_os='linux-gnu'
host_vendor='unknown'
htmldir='${docdir}'
includedir='${prefix}/include'
infodir='${datarootdir}/info'
install_sh='${SHELL} /home/eek/Solarix/GrammarEngine/src/demo/ai/solarix/DeSR/desr-1.3.2/autoconf/install-sh'
libdir='${exec_prefix}/lib'
libexecdir='${exec_prefix}/libexec'
localedir='${datarootdir}/locale'
localstatedir='${prefix}/var'
lt_prog_compiler_pic=' -fPIC -DPIC'
lt_prog_compiler_pic_CXX=' -fPIC -DPIC'
mandir='${datarootdir}/man'
mkdir_p='/bin/mkdir -p'
oldincludedir='/usr/include'
pdfdir='${docdir}'
prefix='/usr/local'
program_transform_name='s,x,x,'
psdir='${docdir}'
sbindir='${exec_prefix}/sbin'
sharedstatedir='${prefix}/com'
subdirs=' text/pcre'
sysconfdir='${prefix}/etc'
target_alias=''

## ----------- ##
## confdefs.h. ##
## ----------- ##

/* confdefs.h */
#define PACKAGE_NAME "desr"
#define PACKAGE_TARNAME "desr"
#define PACKAGE_VERSION "0.9"
#define PACKAGE_STRING "desr 0.9"
#define PACKAGE_BUGREPORT ""
#define PACKAGE_URL ""
#define STDC_HEADERS 1
#define HAVE_SYS_TYPES_H 1
#define HAVE_SYS_STAT_H 1
#define HAVE_STDLIB_H 1
#define HAVE_STRING_H 1
#define HAVE_MEMORY_H 1
#define HAVE_STRINGS_H 1
#define HAVE_INTTYPES_H 1
#define HAVE_STDINT_H 1
#define HAVE_UNISTD_H 1
#define HAVE_DLFCN_H 1
#define LT_OBJDIR ".libs/"
#define HAVE_PYTHON /**/
#define _REENTRANT 1
#define _GNU_SOURCE 1
#define NDEBUG 1
#define HAVE_LIBPTHREAD 1
#define STDC_HEADERS 1
#define HAVE_ALGORITHM 1
#define HAVE_VECTOR 1
#define HAVE_STRING 1
#define HAVE_MAP 1
#define HAVE_TR1_UNORDERED_MAP /**/
#define HAVE_TR1_UNORDERED_SET /**/
#define HAVE_HASH_MAP 1
#define HAVE_HASH_SET 1
#define HAVE_ALLOCA_H 1
#define HAVE_ALLOCA 1
#define HAVE_FNMATCH 1
#define HAVE_STDLIB_H 1
#define HAVE_UNISTD_H 1
#define HAVE_SYS_PARAM_H 1
#define HAVE_GETPAGESIZE 1
#define HAVE_MMAP 1
#define HAVE_GETCWD 1
#define HAVE_GETTIMEOFDAY 1
#define HAVE_STRDUP 1
#define HAVE_STRERROR 1
#define HAVE_STRSPN 1
#define HAVE_STRSTR 1
#define HAVE_BCOPY 1
#define HAVE_MEMMOVE 1
#define BYTE_ALIGN 1
#define PAGE_SIZE 4096

configure: exit 0
